Traceback (most recent call last):
  File "/home/alexandrasouverneva/Desktop/my-book-files/venv/lib64/python3.9/site-packages/jupyter_core/utils/__init__.py", line 154, in wrapped
    asyncio.get_running_loop()
RuntimeError: no running event loop

During handling of the above exception, another exception occurred:

Traceback (most recent call last):
  File "/home/alexandrasouverneva/Desktop/my-book-files/venv/lib64/python3.9/site-packages/jupyter_cache/executors/utils.py", line 58, in single_nb_execution
    executenb(
  File "/home/alexandrasouverneva/Desktop/my-book-files/venv/lib64/python3.9/site-packages/nbclient/client.py", line 1319, in execute
    return NotebookClient(nb=nb, resources=resources, km=km, **kwargs).execute()
  File "/home/alexandrasouverneva/Desktop/my-book-files/venv/lib64/python3.9/site-packages/jupyter_core/utils/__init__.py", line 158, in wrapped
    return loop.run_until_complete(inner)
  File "/usr/lib64/python3.9/asyncio/base_events.py", line 647, in run_until_complete
    return future.result()
  File "/home/alexandrasouverneva/Desktop/my-book-files/venv/lib64/python3.9/site-packages/nbclient/client.py", line 709, in async_execute
    await self.async_execute_cell(
  File "/home/alexandrasouverneva/Desktop/my-book-files/venv/lib64/python3.9/site-packages/nbclient/client.py", line 1062, in async_execute_cell
    await self._check_raise_for_error(cell, cell_index, exec_reply)
  File "/home/alexandrasouverneva/Desktop/my-book-files/venv/lib64/python3.9/site-packages/nbclient/client.py", line 918, in _check_raise_for_error
    raise CellExecutionError.from_cell_and_msg(cell, exec_reply_content)
nbclient.exceptions.CellExecutionError: An error occurred while executing the following cell:
------------------
from rdkit import DataStructs
from rdkit.Chem import MACCSkeys

fps = [ MACCSkeys.GenMACCSKeys(x) for x in mols ]
------------------


[0;31m---------------------------------------------------------------------------[0m
[0;31mArgumentError[0m                             Traceback (most recent call last)
Cell [0;32mIn[21], line 4[0m
[1;32m      1[0m [38;5;28;01mfrom[39;00m[38;5;250m [39m[38;5;21;01mrdkit[39;00m[38;5;250m [39m[38;5;28;01mimport[39;00m DataStructs
[1;32m      2[0m [38;5;28;01mfrom[39;00m[38;5;250m [39m[38;5;21;01mrdkit[39;00m[38;5;21;01m.[39;00m[38;5;21;01mChem[39;00m[38;5;250m [39m[38;5;28;01mimport[39;00m MACCSkeys
[0;32m----> 4[0m fps [38;5;241m=[39m [ MACCSkeys[38;5;241m.[39mGenMACCSKeys(x) [38;5;28;01mfor[39;00m x [38;5;129;01min[39;00m mols ]

Cell [0;32mIn[21], line 4[0m, in [0;36m<listcomp>[0;34m(.0)[0m
[1;32m      1[0m [38;5;28;01mfrom[39;00m[38;5;250m [39m[38;5;21;01mrdkit[39;00m[38;5;250m [39m[38;5;28;01mimport[39;00m DataStructs
[1;32m      2[0m [38;5;28;01mfrom[39;00m[38;5;250m [39m[38;5;21;01mrdkit[39;00m[38;5;21;01m.[39;00m[38;5;21;01mChem[39;00m[38;5;250m [39m[38;5;28;01mimport[39;00m MACCSkeys
[0;32m----> 4[0m fps [38;5;241m=[39m [ [43mMACCSkeys[49m[38;5;241;43m.[39;49m[43mGenMACCSKeys[49m[43m([49m[43mx[49m[43m)[49m [38;5;28;01mfor[39;00m x [38;5;129;01min[39;00m mols ]

[0;31mArgumentError[0m: Python argument types in
    rdkit.Chem.rdMolDescriptors.GetMACCSKeysFingerprint(NoneType)
did not match C++ signature:
    GetMACCSKeysFingerprint(RDKit::ROMol mol)

